<?xml version="1.0" encoding="UTF-8"?>
<testsuite xmlns:xsi="http://www.w3.org/2001/XMLSchema-instance" xsi:noNamespaceSchemaLocation="https://maven.apache.org/surefire/maven-surefire-plugin/xsd/surefire-test-report.xsd" name="TestSuite" time="2.526" tests="2" errors="0" skipped="0" failures="0">
  <properties>
[...]
</properties>
  <testcase name="testhello" classname="hello.Testhello" time="0.016"/>
  <testcase name="shouldAnswerWithTrue on shouldAnswerWithTrue(hello.AppTest)" classname="hello.AppTest" time="0.001"/>
</testsuite>