<?xml version="1.0" encoding="UTF-8"?>
<testng-results ignored="0" total="1" passed="1" failed="0" skipped="0">
  <reporter-output>
  </reporter-output>
  <suite started-at="2021-02-17T11:25:06 IST" name="Surefire suite" finished-at="2021-02-17T11:25:07 IST" duration-ms="152">
    <groups>
    </groups>
    <test started-at="2021-02-17T11:25:06 IST" name="Surefire test" finished-at="2021-02-17T11:25:07 IST" duration-ms="152">
      <class name="hello.Testhello">
        <test-method signature="testhello()[pri:0, instance:hello.Testhello@1990a65e]" started-at="2021-02-17T11:25:07 IST" name="testhello" finished-at="2021-02-17T11:25:07 IST" duration-ms="21" status="PASS">
          <reporter-output>
          </reporter-output>
        </test-method> <!-- testhello -->
      </class> <!-- hello.Testhello -->
    </test> <!-- Surefire test -->
  </suite> <!-- Surefire suite -->
</testng-results>
